flutter_google_map/build/app/outputs/mapping/release/mapping.txt
# compiler: R8
# compiler_version: 2.1.62
# min_api: 21
# pg_map_id: b95ee85
# common_typos_disable
...
androidx.core.content.ContextCompat -> a.c.b.a:
androidx.core.content.res.ResourcesCompat -> a.c.b.b.a:
    android.graphics.drawable.Drawable getDrawable(android.content.res.Resources,int,android.content.res.Resources$Theme) -> a
androidx.core.graphics.drawable.IconCompat -> androidx.core.graphics.drawable.IconCompat:
    android.graphics.PorterDuff$Mode DEFAULT_TINT_MODE -> j
    java.lang.String mTintModeStr -> i
    android.graphics.PorterDuff$Mode mTintMode -> h
    android.os.Parcelable mParcelable -> d
    java.lang.Object mObj1 -> b
    int mInt2 -> f
    android.content.res.ColorStateList mTintList -> g
    int mInt1 -> e
    byte[] mData -> c
    int mType -> a
    int getResId() -> a
    int getResId(android.graphics.drawable.Icon) -> b
    java.lang.String getResPackage() -> c
    java.lang.String getResPackage(android.graphics.drawable.Icon) -> d
    void onPostParceling() -> e
    void onPreParceling(boolean) -> f
    java.lang.String typeToString(int) -> g
androidx.core.util.DebugUtils -> a.c.c.a:
    void buildShortClassTag(java.lang.Object,java.lang.StringBuilder) -> a
androidx.core.util.LogWriter -> a.c.c.b:
    java.lang.StringBuilder mBuilder -> b
    java.lang.String mTag -> a
    void flushBuilder() -> a
androidx.core.util.Preconditions -> a.c.c.c:
    java.lang.Object checkNotNull(java.lang.Object,java.lang.Object) -> a
androidx.core.view.KeyEventDispatcher -> a.c.d.a:
    java.lang.reflect.Field sDialogKeyListenerField -> d
    boolean sActionBarFieldsFetched -> a
    boolean sDialogFieldsFetched -> c
    java.lang.reflect.Method sActionBarOnMenuKeyMethod -> b
    boolean actionBarOnMenuKeyEventPre28(android.app.ActionBar,android.view.KeyEvent) -> a
    boolean activitySuperDispatchKeyEventPre28(android.app.Activity,android.view.KeyEvent) -> b
    boolean dialogSuperDispatchKeyEventPre28(android.app.Dialog,android.view.KeyEvent) -> c
    boolean dispatchBeforeHierarchy(android.view.View,android.view.KeyEvent) -> d
    boolean dispatchKeyEvent(androidx.core.view.KeyEventDispatcher$Component,android.view.View,android.view.Window$Callback,android.view.KeyEvent) -> e
    android.content.DialogInterface$OnKeyListener getDialogKeyListenerPre28(android.app.Dialog) -> f
androidx.core.view.KeyEventDispatcher$Component -> a.c.d.a$a:
    boolean superDispatchKeyEvent(android.view.KeyEvent) -> c
androidx.core.view.LayoutInflaterCompat -> a.c.d.b:
    java.lang.reflect.Field sLayoutInflaterFactory2Field -> a
    boolean sCheckedField -> b
    void forceSetFactory2(android.view.LayoutInflater,android.view.LayoutInflater$Factory2) -> a
    void setFactory2(android.view.LayoutInflater,android.view.LayoutInflater$Factory2) -> b
androidx.core.view.OneShotPreDrawListener -> a.c.d.c:
    java.lang.Runnable mRunnable -> c
    android.view.View mView -> a
    android.view.ViewTreeObserver mViewTreeObserver -> b
    androidx.core.view.OneShotPreDrawListener add(android.view.View,java.lang.Runnable) -> a
    void removeListener() -> b
androidx.core.view.ViewCompat -> a.c.d.d:
    java.util.WeakHashMap sTransitionNameMap -> a
    boolean dispatchUnhandledKeyEventBeforeCallback(android.view.View,android.view.KeyEvent) -> a
    boolean dispatchUnhandledKeyEventBeforeHierarchy(android.view.View,android.view.KeyEvent) -> b
    int getAccessibilityLiveRegion(android.view.View) -> c
    java.lang.CharSequence getAccessibilityPaneTitle(android.view.View) -> d
    java.lang.String getTransitionName(android.view.View) -> e
    boolean isAttachedToWindow(android.view.View) -> f
    void notifyViewAccessibilityStateChangedIfNeeded(android.view.View,int) -> g
    androidx.core.view.ViewCompat$AccessibilityViewProperty paneTitleProperty() -> h
    void setTransitionName(android.view.View,java.lang.String) -> i
androidx.core.view.ViewCompat$4 -> a.c.d.d$a:
    java.lang.Object frameworkGet(android.view.View) -> c
    java.lang.CharSequence frameworkGet(android.view.View) -> e