flutter_google_map/build/app/outputs/mapping/release/usage.txt
androidx.core.view.DragStartHelper$2
androidx.arch.core.util.Function
kotlin.collections.CollectionsKt__IteratorsKt
io.flutter.view.FlutterNativeView$1
com.google.android.gms.maps.internal.zzbx:
    public final void setAllGesturesEnabled(boolean)
    public final void setIndoorLevelPickerEnabled(boolean)
    public final boolean isIndoorLevelPickerEnabled()
    public final void setScrollGesturesEnabledDuringRotateOrZoom(boolean)
    public final boolean isScrollGesturesEnabledDuringRotateOrZoom()
com.google.android.gms.common.internal.Asserts
kotlin.UByteArray$Iterator
kotlin.sequences.SequencesKt___SequencesKt$requireNoNulls$1
kotlin.comparisons.ComparisonsKt__ComparisonsKt$nullsFirst$1
org.intellij.lang.annotations.JdkConstants$CursorType
androidx.annotation.RequiresPermission$Write
androidx.core.graphics.drawable.IconCompat:
    public static androidx.core.graphics.drawable.IconCompat createWithResource(android.content.Context,int)
    public static androidx.core.graphics.drawable.IconCompat createWithResource(android.content.res.Resources,java.lang.String,int)
    public static androidx.core.graphics.drawable.IconCompat createWithBitmap(android.graphics.Bitmap)
    public static androidx.core.graphics.drawable.IconCompat createWithAdaptiveBitmap(android.graphics.Bitmap)
    public static androidx.core.graphics.drawable.IconCompat createWithData(byte[],int,int)
    public static androidx.core.graphics.drawable.IconCompat createWithContentUri(java.lang.String)
    public static androidx.core.graphics.drawable.IconCompat createWithContentUri(android.net.Uri)
    private void <init>(int)
    private android.graphics.drawable.Drawable loadDrawableInner(android.content.Context)
    private static android.content.res.Resources getResources(android.content.Context,java.lang.String)
    public static androidx.core.graphics.drawable.IconCompat createFromBundle(android.os.Bundle)
    public static androidx.core.graphics.drawable.IconCompat createFromIcon(android.content.Context,android.graphics.drawable.Icon)
    public static androidx.core.graphics.drawable.IconCompat createFromIcon(android.graphics.drawable.Icon)
    private static int getType(android.graphics.drawable.Icon)
    private static android.net.Uri getUri(android.graphics.drawable.Icon)
androidx.core.content.res.GradientColorInflaterCompat
kotlin.coroutines.jvm.internal.BaseContinuationImpl
kotlin.sequences.MergingSequence
kotlin.internal.ContractsDsl
androidx.core.view.accessibility.AccessibilityViewCommand$MoveAtGranularityArguments
com.google.android.gms.common.server.response.zad
androidx.core.view.inputmethod.InputConnectionCompat$OnCommitContentListener
kotlin.sequences.TakeSequence$iterator$1
androidx.customview.view.AbsSavedState
io.flutter.embedding.engine.FlutterEngineConnectionRegistry$FlutterEngineServicePluginBinding:
    void <init>(android.app.Service,androidx.lifecycle.Lifecycle)
    public android.app.Service getService()
    public java.lang.Object getLifecycle()
    public void addOnModeChangeListener(io.flutter.embedding.engine.plugins.service.ServiceAware$OnModeChangeListener)
    public void removeOnModeChangeListener(io.flutter.embedding.engine.plugins.service.ServiceAware$OnModeChangeListener)
    void onMoveToForeground()
    void onMoveToBackground()
    private final android.app.Service service
    private final io.flutter.embedding.engine.plugins.lifecycle.HiddenLifecycleReference hiddenLifecycleReference
    private final java.util.Set onModeChangeListeners
kotlin.io.FilesKt__FileTreeWalkKt
kotlin.sequences.DropSequence$iterator$1